<?xml version="1.0" encoding="UTF-8"?>
<testsuite xmlns:xsi="http://www.w3.org/2001/XMLSchema-instance" xsi:noNamespaceSchemaLocation="https://maven.apache.org/surefire/maven-surefire-plugin/xsd/surefire-test-report-3.0.xsd" version="3.0" name="edu.wisc.PrettyPrinterTest" time="0.047" tests="7" errors="0" skipped="0" failures="0">
  <properties>
[...]
</properties>
  <testcase name="printsNestedUnaryExpressions" classname="edu.wisc.PrettyPrinterTest" time="0.017"/>
  <testcase name="printsVariables" classname="edu.wisc.PrettyPrinterTest" time="0.001"/>
  <testcase name="printsNestedBinaryExpressions" classname="edu.wisc.PrettyPrinterTest" time="0.0"/>
  <testcase name="printsUnaryExpressionsAndParenthesizesBinaryOperands" classname="edu.wisc.PrettyPrinterTest" time="0.002"/>
  <testcase name="printsCallsWithZeroOneAndMixedArguments" classname="edu.wisc.PrettyPrinterTest" time="0.002"/>
  <testcase name="printsIntegerAndBooleanLiterals" classname="edu.wisc.PrettyPrinterTest" time="0.001"/>
  <testcase name="printsEveryBinaryOperator" classname="edu.wisc.PrettyPrinterTest" time="0.002"/>
</testsuite>